<?xml version="1.0" encoding="UTF-8"?>
<!-- Generated by org.testng.reporters.JUnitReportReporter -->
<testsuite hostname="DESKTOP-AMR2RQD" failures="0" tests="1" name="com.tunescriber.testCases.TC_HomeTest_001" time="29.336" errors="0" timestamp="2023-01-04T21:31:57 IST" skipped="0">
  <testcase classname="com.tunescriber.testCases.TC_HomeTest_001" name="verifyLogoLink" time="29.336"/>
  <system-out/>
</testsuite> <!-- com.tunescriber.testCases.TC_HomeTest_001 -->
